[32mINFO[0m:     [20-12-2024 11:06:56] Set chroma_server_nofile to 65535
[32mINFO[0m:     [20-12-2024 11:06:56] Anonymized telemetry enabled. See                     https://docs.trychroma.com/telemetry for more information.
[36mDEBUG[0m:    [20-12-2024 11:06:56] Starting component System
[36mDEBUG[0m:    [20-12-2024 11:06:56] Starting component OpenTelemetryClient
[36mDEBUG[0m:    [20-12-2024 11:06:56] Starting component SqliteDB
[36mDEBUG[0m:    [20-12-2024 11:06:56] Starting component SimpleQuotaEnforcer
[36mDEBUG[0m:    [20-12-2024 11:06:56] Starting component Posthog
[36mDEBUG[0m:    [20-12-2024 11:06:56] Starting component SimpleRateLimitEnforcer
[36mDEBUG[0m:    [20-12-2024 11:06:56] Starting component LocalSegmentManager
[36mDEBUG[0m:    [20-12-2024 11:06:56] Starting component LocalExecutor
[36mDEBUG[0m:    [20-12-2024 11:06:56] Starting component SegmentAPI
[32mINFO[0m:     [20-12-2024 11:06:56] Started server process [[36m1421519[0m]
[32mINFO[0m:     [20-12-2024 11:06:56] Waiting for application startup.
[32mINFO[0m:     [20-12-2024 11:06:56] Application startup complete.
[32mINFO[0m:     [20-12-2024 11:06:56] Uvicorn running on [1mhttp://localhost:8000[0m (Press CTRL+C to quit)
[32mINFO[0m:     [20-12-2024 11:07:04] Shutting down
[32mINFO[0m:     [20-12-2024 11:07:04] Waiting for application shutdown.
[36mDEBUG[0m:    [20-12-2024 11:07:04] Stopping component System
[36mDEBUG[0m:    [20-12-2024 11:07:04] Stopping component SegmentAPI
[36mDEBUG[0m:    [20-12-2024 11:07:04] Stopping component LocalExecutor
[36mDEBUG[0m:    [20-12-2024 11:07:04] Stopping component LocalSegmentManager
[36mDEBUG[0m:    [20-12-2024 11:07:04] Stopping component SimpleRateLimitEnforcer
[36mDEBUG[0m:    [20-12-2024 11:07:04] Stopping component Posthog
[36mDEBUG[0m:    [20-12-2024 11:07:04] Stopping component SimpleQuotaEnforcer
[36mDEBUG[0m:    [20-12-2024 11:07:04] Stopping component SqliteDB
[36mDEBUG[0m:    [20-12-2024 11:07:04] Stopping component OpenTelemetryClient
[32mINFO[0m:     [20-12-2024 11:07:04] Application shutdown complete.
[32mINFO[0m:     [20-12-2024 11:07:04] Finished server process [[36m1421519[0m]
